{"uid":"c00887e41c5d694b","name":"Sorozatos sikeres cikk hozzáadása article_data.csv fájlból","fullName":"test.test_automation.TestRepeatedInputFromSource#test_register_positive","historyId":"8e0513a0523abafb6922910e0505e28c","time":{"start":1681075913449,"stop":1681075918831,"duration":5382},"status":"broken","statusMessage":"selenium.common.exceptions.TimeoutException: Message: \nStacktrace:\n#0 0x5557d5389243 <unknown>\n#1 0x5557d514d7a6 <unknown>\n#2 0x5557d518a64d <unknown>\n#3 0x5557d518a761 <unknown>\n#4 0x5557d51c5da4 <unknown>\n#5 0x5557d51ab0ad <unknown>\n#6 0x5557d51c3932 <unknown>\n#7 0x5557d51aae53 <unknown>\n#8 0x5557d517d9ea <unknown>\n#9 0x5557d517eb2e <unknown>\n#10 0x5557d53ddd5e <unknown>\n#11 0x5557d53e1a80 <unknown>\n#12 0x5557d53c38b0 <unknown>\n#13 0x5557d53e2b63 <unknown>\n#14 0x5557d53b4f75 <unknown>\n#15 0x5557d5405998 <unknown>\n#16 0x5557d5405b27 <unknown>\n#17 0x5557d5420c23 <unknown>\n#18 0x7f83ade48b43 <unknown>","statusTrace":"self = <test_automation.TestRepeatedInputFromSource object at 0x7fb71f0b0e20>\n\n    @allure.id('ATC_02')\n    @allure.title('Sorozatos sikeres cikk hozzáadása article_data.csv fájlból')\n    def test_register_positive(self):\n        self.home_without_login.sign_in_link().click()\n        page = pom.ConduitSignInPage(driver=self.modal.driver)\n        page.email_input().send_keys('foltos_cica23@gmail.com')\n        page.password_input().send_keys('FoltosCica23')\n        page.sign_in().click()\n>       assert self.home_with_login.username_link().text == 'FoltosCica23'\n\ntest/test_automation.py:387: \n_ _ _ _ _ _ _ _ _ _ _ _ _ _ _ _ _ _ _ _ _ _ _ _ _ _ _ _ _ _ _ _ _ _ _ _ _ _ _ _ \ntest/page_object_model.py:130: in username_link\n    return self.driverWait.until(expected_conditions.element_to_be_clickable(\n_ _ _ _ _ _ _ _ _ _ _ _ _ _ _ _ _ _ _ _ _ _ _ _ _ _ _ _ _ _ _ _ _ _ _ _ _ _ _ _ \n\nself = <selenium.webdriver.support.wait.WebDriverWait (session=\"f7e23d6d7b3489a720bec45b98d58f43\")>\nmethod = <function element_to_be_clickable.<locals>._predicate at 0x7fb71f15bd00>\nmessage = ''\n\n    def until(self, method, message: str = \"\"):\n        \"\"\"Calls the method provided with the driver as an argument until the \\\n        return value does not evaluate to ``False``.\n    \n        :param method: callable(WebDriver)\n        :param message: optional message for :exc:`TimeoutException`\n        :returns: the result of the last call to `method`\n        :raises: :exc:`selenium.common.exceptions.TimeoutException` if timeout occurs\n        \"\"\"\n        screen = None\n        stacktrace = None\n    \n        end_time = time.monotonic() + self._timeout\n        while True:\n            try:\n                value = method(self._driver)\n                if value:\n                    return value\n            except self._ignored_exceptions as exc:\n                screen = getattr(exc, \"screen\", None)\n                stacktrace = getattr(exc, \"stacktrace\", None)\n            time.sleep(self._poll)\n            if time.monotonic() > end_time:\n                break\n>       raise TimeoutException(message, screen, stacktrace)\nE       selenium.common.exceptions.TimeoutException: Message: \nE       Stacktrace:\nE       #0 0x5557d5389243 <unknown>\nE       #1 0x5557d514d7a6 <unknown>\nE       #2 0x5557d518a64d <unknown>\nE       #3 0x5557d518a761 <unknown>\nE       #4 0x5557d51c5da4 <unknown>\nE       #5 0x5557d51ab0ad <unknown>\nE       #6 0x5557d51c3932 <unknown>\nE       #7 0x5557d51aae53 <unknown>\nE       #8 0x5557d517d9ea <unknown>\nE       #9 0x5557d517eb2e <unknown>\nE       #10 0x5557d53ddd5e <unknown>\nE       #11 0x5557d53e1a80 <unknown>\nE       #12 0x5557d53c38b0 <unknown>\nE       #13 0x5557d53e2b63 <unknown>\nE       #14 0x5557d53b4f75 <unknown>\nE       #15 0x5557d5405998 <unknown>\nE       #16 0x5557d5405b27 <unknown>\nE       #17 0x5557d5420c23 <unknown>\nE       #18 0x7f83ade48b43 <unknown>\n\n/opt/hostedtoolcache/Python/3.10.10/x64/lib/python3.10/site-packages/selenium/webdriver/support/wait.py:95: TimeoutException","flaky":false,"newFailed":false,"newBroken":false,"newPassed":false,"retriesCount":0,"retriesStatusChange":false,"beforeStages":[{"name":"_xunit_setup_method_fixture_TestRepeatedInputFromSource","time":{"start":1681075912307,"stop":1681075913448,"duration":1141},"status":"passed","steps":[],"attachments":[],"parameters":[],"stepsCount":0,"attachmentsCount":0,"shouldDisplayMessage":false,"hasContent":false}],"afterStages":[{"name":"_xunit_setup_method_fixture_TestRepeatedInputFromSource::0","time":{"start":1681075918885,"stop":1681075918944,"duration":59},"status":"passed","steps":[],"attachments":[],"parameters":[],"stepsCount":0,"attachmentsCount":0,"shouldDisplayMessage":false,"hasContent":false}],"labels":[{"name":"as_id","value":"ATC_02"},{"name":"parentSuite","value":"test"},{"name":"suite","value":"test_automation"},{"name":"subSuite","value":"TestRepeatedInputFromSource"},{"name":"host","value":"fv-az401-275"},{"name":"thread","value":"3053-MainThread"},{"name":"framework","value":"pytest"},{"name":"language","value":"cpython3"},{"name":"package","value":"test.test_automation"},{"name":"resultFormat","value":"allure2"}],"parameters":[],"links":[],"hidden":false,"retry":false,"extra":{"severity":"normal","retries":[],"categories":[{"name":"Test defects","matchedStatuses":[],"flaky":false}],"tags":[]},"source":"c00887e41c5d694b.json","parameterValues":[]}